<?xml version="1.0" encoding="UTF-8"?>
<beans xmlns="http://www.springframework.org/schema/beans"
       xmlns:xsi="http://www.w3.org/2001/XMLSchema-instance"
       xmlns:aop="http://www.springframework.org/schema/aop"
       xmlns:context="http://www.springframework.org/schema/context"
       xmlns:jdbc="http://www.springframework.org/schema/jdbc"
       xmlns:tx="http://www.springframework.org/schema/tx"
       xsi:schemaLocation="http://www.springframework.org/schema/beans
                            http://www.springframework.org/schema/beans/spring-beans.xsd
                            http://www.springframework.org/schema/aop
                            http://www.springframework.org/schema/aop/spring-aop-3.0.xsd
                            http://www.springframework.org/schema/context
                            http://www.springframework.org/shcema/context/spring-context-3.0.xsd
                            http://www.springframework.org/schema/tx
                            http://www.springframework.org/schema/tx/spring-tx-3.0.xsd
                            http://www.springframework.org/schema/jdbc
                            http://www.springframework.org/schema/jdbc/spring-jdbc-3.0.xsd">
    <!-- DefaultAdvisorAutoProxyCreator -->
    <bean class="org.springframework.aop.framework.autoproxy.DefaultAdvisorAutoProxyCreator" />

    <!-- annotation drive -->
    <tx:annotation-driven />

    <!-- embeddedDatabase -->
    <jdbc:embedded-database id="embeddedDatabase" type="HSQL">
        <jdbc:script location="classpath:springbook/user/sqlservice/updatable/sqlRegistrySchema.sql" />
    </jdbc:embedded-database>
</beans>