<?xml version="1.0" encoding="UTF-8"?>
<beans xmlns="http://www.springframework.org/schema/beans"
       xmlns:xsi="http://www.w3.org/2001/XMLSchema-instance"
       xmlns:aop="http://www.springframework.org/schema/aop"
       xmlns:context="http://www.springframework.org/schema/context"
       xmlns:jdbc="http://www.springframework.org/schema/jdbc"
       xmlns:tx="http://www.springframework.org/schema/tx"
       xsi:schemaLocation="http://www.springframework.org/schema/beans
                            http://www.springframework.org/schema/beans/spring-beans.xsd
                            http://www.springframework.org/schema/aop
                            http://www.springframework.org/schema/aop/spring-aop-3.0.xsd
                            http://www.springframework.org/schema/context
                            http://www.springframework.org/shcema/context/spring-context-3.0.xsd
                            http://www.springframework.org/schema/tx
                            http://www.springframework.org/schema/tx/spring-tx-3.0.xsd
                            http://www.springframework.org/schema/jdbc
                            http://www.springframework.org/schema/jdbc/spring-jdbc-3.0.xsd">

    <!-- dataSource -->
    <bean id="dataSource" class="org.springframework.jdbc.datasource.SimpleDriverDataSource">
        <property name="driverClass" value="com.mysql.cj.jdbc.Driver" />
        <property name="url" value="jdbc:mysql://localhost/testdb?verifyServerCertificate=false&amp;useSSL=false" />
        <property name="username" value="spring" />
        <property name="password" value="book" />
    </bean>

    <!-- userDao -->
    <bean id="userDao" class="springbook.user.dao.UserDaoJdbc">
        <property name="dataSource" ref="dataSource" />
        <property name="sqlService" ref="sqlService" />
    </bean>

    <!-- sqlService -->
    <bean id="sqlService" class="springbook.user.sqlservice.OxmSqlService">
        <property name="unmarshaller" ref="unmarshaller" />
        <property name="sqlmap" value="classpath:springbook/user/dao/sqlmap.xml" />
        <property name="sqlRegistry" ref="sqlRegistry" />
    </bean>

    <!-- sqlRegistry -->
    <bean id="sqlRegistry" class="springbook.user.sqlservice.updatable.EmbeddedDbSqlRegistry">
        <property name="dataSource" ref="embeddedDatabase" />
    </bean>

    <!-- unmarshaller -->
    <bean id="unmarshaller" class="org.springframework.oxm.jaxb.Jaxb2Marshaller">
        <property name="contextPath" value="springbook.user.sqlservice.jaxb" />
    </bean>

    <!-- userService -->
    <bean id="userService" class="springbook.user.service.UserServiceImpl">
        <property name="userDao" ref="userDao" />
        <property name="mailSender" ref="mailSender" />
    </bean>

    <!-- transactionManager -->
    <bean id="transactionManager" class="org.springframework.jdbc.datasource.DataSourceTransactionManager">
        <property name="dataSource" ref="dataSource" />
    </bean>

    <!-- mailSender -->
    <bean id="mailSender" class="springbook.user.service.DummyMailSender" />

    <!-- DefaultAdvisorAutoProxyCreator -->
    <bean class="org.springframework.aop.framework.autoproxy.DefaultAdvisorAutoProxyCreator" />

    <!-- annotation drive -->
    <tx:annotation-driven />

    <!-- TestUserService -->
    <bean id="testUserService" class="springbook.user.service.UserServiceTest$TestUserService" parent="userService" />

    <!-- embeddedDatabase -->
    <jdbc:embedded-database id="embeddedDatabase" type="HSQL">
        <jdbc:script location="classpath:springbook/user/sqlservice/updatable/sqlRegistrySchema.sql" />
    </jdbc:embedded-database>
</beans>